-------------------------------------------------------------------------------
Test set: com.parachute.shikabookcity.ShikaBookCityApplicationTests
-------------------------------------------------------------------------------
Tests run: 2, Failures: 0, Errors: 1, Skipped: 0, Time elapsed: 8.804 s <<< FAILURE! - in com.parachute.shikabookcity.ShikaBookCityApplicationTests
test1  Time elapsed: 0.626 s  <<< ERROR!
org.springframework.dao.DuplicateKeyException: 

### Error updating database.  Cause: java.sql.SQLIntegrityConstraintViolationException: Duplicate entry '1' for key 'commodity_code.PRIMARY'
### The error may exist in com/parachute/shikabookcity/dao/BookDao.java (best guess)
### The error may involve com.parachute.shikabookcity.dao.BookDao.insertCommodityCode-Inline
### The error occurred while setting parameters
### SQL: INSERT into commodity_code (commodity_code) VALUES(?)
### Cause: java.sql.SQLIntegrityConstraintViolationException: Duplicate entry '1' for key 'commodity_code.PRIMARY'
; Duplicate entry '1' for key 'commodity_code.PRIMARY'; nested exception is java.sql.SQLIntegrityConstraintViolationException: Duplicate entry '1' for key 'commodity_code.PRIMARY'
	at com.parachute.shikabookcity.ShikaBookCityApplicationTests.test1(ShikaBookCityApplicationTests.java:28)
Caused by: java.sql.SQLIntegrityConstraintViolationException: Duplicate entry '1' for key 'commodity_code.PRIMARY'
	at com.parachute.shikabookcity.ShikaBookCityApplicationTests.test1(ShikaBookCityApplicationTests.java:28)

