<?xml version="1.0" encoding="UTF-8"?>
<testsuite xmlns:xsi="http://www.w3.org/2001/XMLSchema-instance" xsi:noNamespaceSchemaLocation="https://maven.apache.org/surefire/maven-surefire-plugin/xsd/surefire-test-report.xsd" name="com.parachute.shikabookcity.ShikaBookCityApplicationTests" time="8.804" tests="2" errors="1" skipped="0" failures="0">
  <properties>
[...]
</properties>
  <testcase name="test" classname="com.parachute.shikabookcity.ShikaBookCityApplicationTests" time="0.257"/>
  <testcase name="test1" classname="com.parachute.shikabookcity.ShikaBookCityApplicationTests" time="0.626">
    <error message="&#10;### Error updating database.  Cause: java.sql.SQLIntegrityConstraintViolationException: Duplicate entry &apos;1&apos; for key &apos;commodity_code.PRIMARY&apos;&#10;### The error may exist in com/parachute/shikabookcity/dao/BookDao.java (best guess)&#10;### The error may involve com.parachute.shikabookcity.dao.BookDao.insertCommodityCode-Inline&#10;### The error occurred while setting parameters&#10;### SQL: INSERT into commodity_code (commodity_code) VALUES(?)&#10;### Cause: java.sql.SQLIntegrityConstraintViolationException: Duplicate entry &apos;1&apos; for key &apos;commodity_code.PRIMARY&apos;&#10;; Duplicate entry &apos;1&apos; for key &apos;commodity_code.PRIMARY&apos;; nested exception is java.sql.SQLIntegrityConstraintViolationException: Duplicate entry &apos;1&apos; for key &apos;commodity_code.PRIMARY&apos;" type="org.springframework.dao.DuplicateKeyException">org.springframework.dao.DuplicateKeyException: 

### Error updating database.  Cause: java.sql.SQLIntegrityConstraintViolationException: Duplicate entry '1' for key 'commodity_code.PRIMARY'
### The error may exist in com/parachute/shikabookcity/dao/BookDao.java (best guess)
### The error may involve com.parachute.shikabookcity.dao.BookDao.insertCommodityCode-Inline
### The error occurred while setting parameters
### SQL: INSERT into commodity_code (commodity_code) VALUES(?)
### Cause: java.sql.SQLIntegrityConstraintViolationException: Duplicate entry '1' for key 'commodity_code.PRIMARY'
; Duplicate entry '1' for key 'commodity_code.PRIMARY'; nested exception is java.sql.SQLIntegrityConstraintViolationException: Duplicate entry '1' for key 'commodity_code.PRIMARY'
	at com.parachute.shikabookcity.ShikaBookCityApplicationTests.test1(ShikaBookCityApplicationTests.java:28)
Caused by: java.sql.SQLIntegrityConstraintViolationException: Duplicate entry '1' for key 'commodity_code.PRIMARY'
	at com.parachute.shikabookcity.ShikaBookCityApplicationTests.test1(ShikaBookCityApplicationTests.java:28)
</error>
    <system-out><![CDATA[Creating a new SqlSession
SqlSession [org.apache.ibatis.session.defaults.DefaultSqlSession@36baca] was not registered for synchronization because synchronization is not active
2022-05-04 08:15:13.427  INFO 28448 --- [           main] com.alibaba.druid.pool.DruidDataSource   : {dataSource-1} inited
JDBC Connection [com.alibaba.druid.proxy.jdbc.ConnectionProxyImpl@11b43d8] will not be managed by Spring
==>  Preparing: INSERT into commodity_code (commodity_code) VALUES(?)
==> Parameters: 1(String)
Closing non transactional SqlSession [org.apache.ibatis.session.defaults.DefaultSqlSession@36baca]
]]></system-out>
  </testcase>
</testsuite>